# JRE version: OpenJDK Runtime Environment (8.0_152-b06) (build 1.8.0_152-release-1136-b06)
# Java VM: OpenJDK 64-Bit Server VM (25.152-b06 mixed mode windows-amd64 compressed oops)
Heap:
 PSYoungGen      total 389120K, used 387403K [0x00000000e0000000, 0x00000000fb980000, 0x0000000100000000)
  eden space 350720K, 99% used [0x00000000e0000000,0x00000000f54da948,0x00000000f5680000)
  from space 38400K, 99% used [0x00000000f7000000,0x00000000f9578688,0x00000000f9580000)
  to   space 36864K, 99% used [0x00000000f9580000,0x00000000fb97b2e0,0x00000000fb980000)
 ParOldGen       total 195584K, used 134582K [0x00000000a0000000, 0x00000000abf00000, 0x00000000e0000000)
  object space 195584K, 68% used [0x00000000a0000000,0x00000000a836d880,0x00000000abf00000)
 Metaspace       used 83660K, capacity 87596K, committed 87808K, reserved 1126400K
  class space    used 10501K, capacity 11231K, committed 11264K, reserved 1048576K
GC Heap History (10 events):
Event: 1566.632 GC heap after
Heap after GC invocations=31 (full 4):
 PSYoungGen      total 453120K, used 21239K [0x00000000e0000000, 0x0000000100000000, 0x0000000100000000)
  eden space 414208K, 0% used [0x00000000e0000000,0x00000000e0000000,0x00000000f9480000)
  from space 38912K, 54% used [0x00000000f9480000,0x00000000fa93de00,0x00000000fba80000)
  to   space 38912K, 0% used [0x00000000fda00000,0x00000000fda00000,0x0000000100000000)
 ParOldGen       total 195584K, used 105580K [0x00000000a0000000, 0x00000000abf00000, 0x00000000e0000000)
  object space 195584K, 53% used [0x00000000a0000000,0x00000000a671b120,0x00000000abf00000)
 Metaspace       used 82603K, capacity 86358K, committed 86528K, reserved 1124352K
  class space    used 10478K, capacity 11192K, committed 11264K, reserved 1048576K
}
Event: 1748.550 GC heap before
{Heap before GC invocations=32 (full 4):
 PSYoungGen      total 453120K, used 435447K [0x00000000e0000000, 0x0000000100000000, 0x0000000100000000)
  eden space 414208K, 100% used [0x00000000e0000000,0x00000000f9480000,0x00000000f9480000)
  from space 38912K, 54% used [0x00000000f9480000,0x00000000fa93de00,0x00000000fba80000)
  to   space 38912K, 0% used [0x00000000fda00000,0x00000000fda00000,0x0000000100000000)
 ParOldGen       total 195584K, used 105580K [0x00000000a0000000, 0x00000000abf00000, 0x00000000e0000000)
  object space 195584K, 53% used [0x00000000a0000000,0x00000000a671b120,0x00000000abf00000)
 Metaspace       used 82902K, capacity 86890K, committed 87040K, reserved 1124352K
  class space    used 10498K, capacity 11226K, committed 11264K, reserved 1048576K
Event: 1748.582 GC heap after
Heap after GC invocations=32 (full 4):
 PSYoungGen      total 424960K, used 27138K [0x00000000e0000000, 0x00000000ff500000, 0x0000000100000000)
  eden space 397312K, 0% used [0x00000000e0000000,0x00000000e0000000,0x00000000f8400000)
  from space 27648K, 98% used [0x00000000fda00000,0x00000000ff4808f8,0x00000000ff500000)
  to   space 41472K, 0% used [0x00000000fa400000,0x00000000fa400000,0x00000000fcc80000)
 ParOldGen       total 195584K, used 105588K [0x00000000a0000000, 0x00000000abf00000, 0x00000000e0000000)
  object space 195584K, 53% used [0x00000000a0000000,0x00000000a671d120,0x00000000abf00000)
 Metaspace       used 82902K, capacity 86890K, committed 87040K, reserved 1124352K
  class space    used 10498K, capacity 11226K, committed 11264K, reserved 1048576K
}
Event: 1886.251 GC heap before
{Heap before GC invocations=33 (full 4):
 PSYoungGen      total 424960K, used 424450K [0x00000000e0000000, 0x00000000ff500000, 0x0000000100000000)
  eden space 397312K, 100% used [0x00000000e0000000,0x00000000f8400000,0x00000000f8400000)
  from space 27648K, 98% used [0x00000000fda00000,0x00000000ff4808f8,0x00000000ff500000)
  to   space 41472K, 0% used [0x00000000fa400000,0x00000000fa400000,0x00000000fcc80000)
 ParOldGen       total 195584K, used 105588K [0x00000000a0000000, 0x00000000abf00000, 0x00000000e0000000)
  object space 195584K, 53% used [0x00000000a0000000,0x00000000a671d120,0x00000000abf00000)
 Metaspace       used 83055K, capacity 86974K, committed 87040K, reserved 1124352K
  class space    used 10499K, capacity 11228K, committed 11264K, reserved 1048576K
Event: 1886.270 GC heap after
Heap after GC invocations=33 (full 4):
 PSYoungGen      total 393728K, used 12404K [0x00000000e0000000, 0x00000000fda80000, 0x0000000100000000)
  eden space 380928K, 0% used [0x00000000e0000000,0x00000000e0000000,0x00000000f7400000)
  from space 12800K, 96% used [0x00000000fa400000,0x00000000fb01d040,0x00000000fb080000)
  to   space 39424K, 0% used [0x00000000fb400000,0x00000000fb400000,0x00000000fda80000)
 ParOldGen       total 195584K, used 105596K [0x00000000a0000000, 0x00000000abf00000, 0x00000000e0000000)
  object space 195584K, 53% used [0x00000000a0000000,0x00000000a671f120,0x00000000abf00000)
 Metaspace       used 83055K, capacity 86974K, committed 87040K, reserved 1124352K
  class space    used 10499K, capacity 11228K, committed 11264K, reserved 1048576K
}
Event: 1918.943 GC heap before
{Heap before GC invocations=34 (full 4):
 PSYoungGen      total 393728K, used 393332K [0x00000000e0000000, 0x00000000fda80000, 0x0000000100000000)
  eden space 380928K, 100% used [0x00000000e0000000,0x00000000f7400000,0x00000000f7400000)
  from space 12800K, 96% used [0x00000000fa400000,0x00000000fb01d040,0x00000000fb080000)
  to   space 39424K, 0% used [0x00000000fb400000,0x00000000fb400000,0x00000000fda80000)
 ParOldGen       total 195584K, used 105596K [0x00000000a0000000, 0x00000000abf00000, 0x00000000e0000000)
  object space 195584K, 53% used [0x00000000a0000000,0x00000000a671f120,0x00000000abf00000)
 Metaspace       used 83222K, capacity 87236K, committed 87296K, reserved 1126400K
  class space    used 10500K, capacity 11229K, committed 11264K, reserved 1048576K
Event: 1918.957 GC heap after
Heap after GC invocations=34 (full 4):
 PSYoungGen      total 372736K, used 6719K [0x00000000e0000000, 0x00000000fbb00000, 0x0000000100000000)
  eden space 365568K, 0% used [0x00000000e0000000,0x00000000e0000000,0x00000000f6500000)
  from space 7168K, 93% used [0x00000000fb400000,0x00000000fba8fc38,0x00000000fbb00000)
  to   space 38400K, 0% used [0x00000000f7000000,0x00000000f7000000,0x00000000f9580000)
 ParOldGen       total 195584K, used 105604K [0x00000000a0000000, 0x00000000abf00000, 0x00000000e0000000)
  object space 195584K, 53% used [0x00000000a0000000,0x00000000a6721120,0x00000000abf00000)
 Metaspace       used 83222K, capacity 87236K, committed 87296K, reserved 1126400K
  class space    used 10500K, capacity 11229K, committed 11264K, reserved 1048576K
}
Event: 1982.130 GC heap before
{Heap before GC invocations=35 (full 4):
 PSYoungGen      total 372736K, used 372287K [0x00000000e0000000, 0x00000000fbb00000, 0x0000000100000000)
  eden space 365568K, 100% used [0x00000000e0000000,0x00000000f6500000,0x00000000f6500000)
  from space 7168K, 93% used [0x00000000fb400000,0x00000000fba8fc38,0x00000000fbb00000)
  to   space 38400K, 0% used [0x00000000f7000000,0x00000000f7000000,0x00000000f9580000)
 ParOldGen       total 195584K, used 105604K [0x00000000a0000000, 0x00000000abf00000, 0x00000000e0000000)
  object space 195584K, 53% used [0x00000000a0000000,0x00000000a6721120,0x00000000abf00000)
 Metaspace       used 83467K, capacity 87452K, committed 87552K, reserved 1126400K
  class space    used 10500K, capacity 11229K, committed 11264K, reserved 1048576K
Event: 1982.194 GC heap after
Heap after GC invocations=35 (full 4):
 PSYoungGen      total 389120K, used 38369K [0x00000000e0000000, 0x00000000fb980000, 0x0000000100000000)
  eden space 350720K, 0% used [0x00000000e0000000,0x00000000e0000000,0x00000000f5680000)
  from space 38400K, 99% used [0x00000000f7000000,0x00000000f9578688,0x00000000f9580000)
  to   space 36864K, 0% used [0x00000000f9580000,0x00000000f9580000,0x00000000fb980000)
 ParOldGen       total 195584K, used 121753K [0x00000000a0000000, 0x00000000abf00000, 0x00000000e0000000)
  object space 195584K, 62% used [0x00000000a0000000,0x00000000a76e6548,0x00000000abf00000)
 Metaspace       used 83467K, capacity 87452K, committed 87552K, reserved 1126400K
  class space    used 10500K, capacity 11229K, committed 11264K, reserved 1048576K
}
Event: 2697.978 GC heap before
{Heap before GC invocations=36 (full 4):
 PSYoungGen      total 389120K, used 387403K [0x00000000e0000000, 0x00000000fb980000, 0x0000000100000000)
  eden space 350720K, 99% used [0x00000000e0000000,0x00000000f54da948,0x00000000f5680000)
  from space 38400K, 99% used [0x00000000f7000000,0x00000000f9578688,0x00000000f9580000)
  to   space 36864K, 0% used [0x00000000f9580000,0x00000000f9580000,0x00000000fb980000)
 ParOldGen       total 195584K, used 121753K [0x00000000a0000000, 0x00000000abf00000, 0x00000000e0000000)
  object space 195584K, 62% used [0x00000000a0000000,0x00000000a76e6548,0x00000000abf00000)
 Metaspace       used 83660K, capacity 87596K, committed 87808K, reserved 1126400K
  class space    used 10501K, capacity 11231K, committed 11264K, reserved 1048576K

